<?xml version="1.0" encoding="UTF-8"?>
<testsuite name="memory.MemoryFinderTest" tests="1" skipped="0" failures="0" errors="0" timestamp="2024-08-11T07:50:43" hostname="DESKTOP-G1QD6KU" time="0.121">
  <properties/>
  <testcase name="get()" classname="memory.MemoryFinderTest" time="0.121"/>
  <system-out><![CDATA[]]></system-out>
  <system-err><![CDATA[]]></system-err>
</testsuite>
